<?xml version="1.0" encoding="UTF-8"?>
<testsuite xmlns:xsi="http://www.w3.org/2001/XMLSchema-instance" xsi:noNamespaceSchemaLocation="https://maven.apache.org/surefire/maven-surefire-plugin/xsd/surefire-test-report.xsd" version="3.0.2" name="service_spring.service_spring.ServiceSpringApplicationTests" time="2.771" tests="1" errors="0" skipped="0" failures="0">
  <properties>
[...]
</properties>
  <testcase name="contextLoads" classname="service_spring.service_spring.ServiceSpringApplicationTests" time="0.693">
    <system-out><![CDATA[16:59:50.357 [main] INFO org.springframework.test.context.support.AnnotationConfigContextLoaderUtils -- Could not detect default configuration classes for test class [service_spring.service_spring.ServiceSpringApplicationTests]: ServiceSpringApplicationTests does not declare any static, non-private, non-final, nested classes annotated with @Configuration.
16:59:50.445 [main] INFO org.springframework.boot.test.context.SpringBootTestContextBootstrapper -- Found @SpringBootConfiguration service_spring.service_spring.ServiceSpringApplication for test class service_spring.service_spring.ServiceSpringApplicationTests

  .   ____          _            __ _ _
 /\\ / ___'_ __ _ _(_)_ __  __ _ \ \ \ \
( ( )\___ | '_ | '_| | '_ \/ _` | \ \ \ \
 \\/  ___)| |_)| | | | | || (_| |  ) ) ) )
  '  |____| .__|_| |_|_| |_\__, | / / / /
 =========|_|==============|___/=/_/_/_/

 :: Spring Boot ::                (v3.4.3)

2025-02-25T16:59:50.882+07:00  INFO 1312 --- [service-spring] [           main] s.s.ServiceSpringApplicationTests        : Starting ServiceSpringApplicationTests using Java 17.0.12 with PID 1312 (started by Nghiem in D:\KienTrucVaThietKePM\ShopThucAnChoMeo\backend\service-spring)
2025-02-25T16:59:50.885+07:00  INFO 1312 --- [service-spring] [           main] s.s.ServiceSpringApplicationTests        : No active profile set, falling back to 1 default profile: "default"
2025-02-25T16:59:52.086+07:00  WARN 1312 --- [service-spring] [           main] .s.s.UserDetailsServiceAutoConfiguration : 

Using generated security password: 5c7c8d14-3661-4b12-99bb-caed5759060f

This generated password is for development use only. Your security configuration must be updated before running your application in production.

2025-02-25T16:59:52.112+07:00  INFO 1312 --- [service-spring] [           main] r$InitializeUserDetailsManagerConfigurer : Global AuthenticationManager configured with UserDetailsService bean with name inMemoryUserDetailsManager
2025-02-25T16:59:52.265+07:00  INFO 1312 --- [service-spring] [           main] s.s.ServiceSpringApplicationTests        : Started ServiceSpringApplicationTests in 1.68 seconds (process running for 2.5)
]]></system-out>
  </testcase>
</testsuite>